<?xml version="1.0" encoding="UTF-8"?>
<testng-results ignored="0" total="2" passed="2" failed="0" skipped="0">
  <reporter-output>
  </reporter-output>
  <suite started-at="2023-10-17T21:43:56 IST" name="MyTestSuite3" finished-at="2023-10-17T21:44:53 IST" duration-ms="56479">
    <groups>
    </groups>
    <test started-at="2023-10-17T21:43:56 IST" name="ChromeTest1" finished-at="2023-10-17T21:44:24 IST" duration-ms="28416">
      <class name="testcases.BankDetailsTest">
        <test-method is-config="true" signature="beforeMethod(java.lang.String)[pri:0, instance:testcases.BankDetailsTest@385c9627]" started-at="2023-10-17T21:43:57 IST" name="beforeMethod" finished-at="2023-10-17T21:44:04 IST" duration-ms="7570" status="PASS">
          <params>
            <param index="0">
              <value>
                <![CDATA[chrome]]>
              </value>
            </param>
          </params>
          <reporter-output>
          </reporter-output>
        </test-method> <!-- beforeMethod -->
        <test-method signature="verifyBankDetails(java.lang.String,java.lang.String)[pri:0, instance:testcases.BankDetailsTest@385c9627]" started-at="2023-10-17T21:44:04 IST" name="verifyBankDetails" data-provider="data-provider" finished-at="2023-10-17T21:44:24 IST" duration-ms="19840" status="PASS">
          <params>
            <param index="0">
              <value>
                <![CDATA[carol]]>
              </value>
            </param>
            <param index="1">
              <value>
                <![CDATA[1q2w3e4r]]>
              </value>
            </param>
          </params>
          <reporter-output>
          </reporter-output>
        </test-method> <!-- verifyBankDetails -->
        <test-method is-config="true" signature="afterMethod(org.testng.ITestResult)[pri:0, instance:testcases.BankDetailsTest@385c9627]" started-at="2023-10-17T21:44:24 IST" name="afterMethod" finished-at="2023-10-17T21:44:24 IST" duration-ms="468" status="PASS">
          <params>
            <param index="0">
              <value>
                <![CDATA[[TestResult name=verifyBankDetails status=SUCCESS method=BankDetailsTest.verifyBankDetails(java.lang.String,java.lang.String)[pri:0, instance:testcases.BankDetailsTest@385c9627] output={null}]]]>
              </value>
            </param>
          </params>
          <reporter-output>
          </reporter-output>
        </test-method> <!-- afterMethod -->
      </class> <!-- testcases.BankDetailsTest -->
    </test> <!-- ChromeTest1 -->
    <test started-at="2023-10-17T21:44:25 IST" name="EdgeTest1" finished-at="2023-10-17T21:44:53 IST" duration-ms="27471">
      <class name="testcases.BankDetailsTest">
        <test-method is-config="true" signature="beforeMethod(java.lang.String)[pri:0, instance:testcases.BankDetailsTest@609cd4d8]" started-at="2023-10-17T21:44:25 IST" name="beforeMethod" finished-at="2023-10-17T21:44:31 IST" duration-ms="6182" status="PASS">
          <params>
            <param index="0">
              <value>
                <![CDATA[edge]]>
              </value>
            </param>
          </params>
          <reporter-output>
          </reporter-output>
        </test-method> <!-- beforeMethod -->
        <test-method signature="verifyBankDetails(java.lang.String,java.lang.String)[pri:0, instance:testcases.BankDetailsTest@609cd4d8]" started-at="2023-10-17T21:44:31 IST" name="verifyBankDetails" data-provider="data-provider" finished-at="2023-10-17T21:44:52 IST" duration-ms="21114" status="PASS">
          <params>
            <param index="0">
              <value>
                <![CDATA[carol]]>
              </value>
            </param>
            <param index="1">
              <value>
                <![CDATA[1q2w3e4r]]>
              </value>
            </param>
          </params>
          <reporter-output>
          </reporter-output>
        </test-method> <!-- verifyBankDetails -->
        <test-method is-config="true" signature="afterMethod(org.testng.ITestResult)[pri:0, instance:testcases.BankDetailsTest@609cd4d8]" started-at="2023-10-17T21:44:52 IST" name="afterMethod" finished-at="2023-10-17T21:44:53 IST" duration-ms="162" status="PASS">
          <params>
            <param index="0">
              <value>
                <![CDATA[[TestResult name=verifyBankDetails status=SUCCESS method=BankDetailsTest.verifyBankDetails(java.lang.String,java.lang.String)[pri:0, instance:testcases.BankDetailsTest@609cd4d8] output={null}]]]>
              </value>
            </param>
          </params>
          <reporter-output>
          </reporter-output>
        </test-method> <!-- afterMethod -->
      </class> <!-- testcases.BankDetailsTest -->
    </test> <!-- EdgeTest1 -->
  </suite> <!-- MyTestSuite3 -->
</testng-results>
